<?xml version='1.0'?>
<ns2:test-suite xmlns:ns2='urn:model.allure.qatools.yandex.ru' start='1625830967710' stop='1625830970613'>
    <name>Chai page: Test chai form</name>
    <title>Chai page: Test chai form</title>
    <test-cases>
        <test-case start='1625830967713' status='passed' stop='1625830967721'>
            <name></name>
            <title></title>
            <labels>
                <label name='language' value='javascript'/>
                <label name='framework' value='wdio'/>
                <label name='thread' value='0-0'/>
            </labels>
            <parameters>
                <parameter kind='argument' name='browser' value='chrome-91.0.4472.124'/>
            </parameters>
            <steps/>
            <attachments/>
        </test-case>
        <test-case start='1625830967721' status='passed' stop='1625830969808'>
            <name>Given I am on the practice page "http://www.practiceselenium.com/practice-form.html"</name>
            <title>Given I am on the practice page "http://www.practiceselenium.com/practice-form.html"</title>
            <labels>
                <label name='language' value='javascript'/>
                <label name='framework' value='wdio'/>
                <label name='thread' value='0-0'/>
            </labels>
            <parameters>
                <parameter kind='argument' name='browser' value='chrome-91.0.4472.124'/>
            </parameters>
            <steps>
                <step start='1625830967728' status='passed' stop='1625830969619'>
                    <name>POST /session/:sessionId/url</name>
                    <title>POST /session/:sessionId/url</title>
                    <attachments>
                        <attachment title='Request' source='85ce29b4-3c4c-4a37-ae8f-ed0fe3840276-attachment.json' type='application/json' size='65'/>
                    </attachments>
                    <steps/>
                </step>
                <step start='1625830969619' status='passed' stop='1625830969805'>
                    <name>POST /session/:sessionId/window/maximize</name>
                    <title>POST /session/:sessionId/window/maximize</title>
                    <attachments>
                        <attachment title='Response' source='b6bec589-b68e-4a6b-80c0-a18df60d9cbb-attachment.json' type='application/json' size='58'/>
                    </attachments>
                    <steps/>
                </step>
            </steps>
            <attachments/>
        </test-case>
        <test-case start='1625830969808' status='passed' stop='1625830969887'>
            <name>Then I Validate page header "Practice form"</name>
            <title>Then I Validate page header "Practice form"</title>
            <labels>
                <label name='language' value='javascript'/>
                <label name='framework' value='wdio'/>
                <label name='thread' value='0-0'/>
            </labels>
            <parameters>
                <parameter kind='argument' name='browser' value='chrome-91.0.4472.124'/>
            </parameters>
            <steps>
                <step start='1625830969810' status='passed' stop='1625830969857'>
                    <name>POST /session/:sessionId/element</name>
                    <title>POST /session/:sessionId/element</title>
                    <attachments>
                        <attachment title='Request' source='fed3f5f4-2b22-497a-9db2-d0a36dca5e15-attachment.json' type='application/json' size='41'/>
                        <attachment title='Response' source='f84480c9-38a7-471e-a4f3-bb1000630753-attachment.json' type='application/json' size='83'/>
                    </attachments>
                    <steps/>
                </step>
                <step start='1625830969883' status='undefined'>
                    <name>GET /session/:sessionId/element/d5cdad40-a8e0-4c4c-b69c-7c4764a9918b/text</name>
                    <title>GET /session/:sessionId/element/d5cdad40-a8e0-4c4c-b69c-7c4764a9918b/text</title>
                    <attachments/>
                    <steps/>
                </step>
            </steps>
            <attachments/>
        </test-case>
        <test-case start='1625830969887' status='passed' stop='1625830970319'>
            <name>When I enter firstname bhavna and lastname vuttur</name>
            <title>When I enter firstname bhavna and lastname vuttur</title>
            <labels>
                <label name='language' value='javascript'/>
                <label name='framework' value='wdio'/>
                <label name='thread' value='0-0'/>
            </labels>
            <parameters>
                <parameter kind='argument' name='browser' value='chrome-91.0.4472.124'/>
            </parameters>
            <steps>
                <step start='1625830969889' status='passed' stop='1625830969917'>
                    <name>POST /session/:sessionId/element</name>
                    <title>POST /session/:sessionId/element</title>
                    <attachments>
                        <attachment title='Request' source='64bc2213-1806-4510-a10c-3a50a3bbf4bd-attachment.json' type='application/json' size='65'/>
                        <attachment title='Response' source='fcdddbaa-e0ab-4e8a-895f-983dc402b92f-attachment.json' type='application/json' size='15'/>
                    </attachments>
                    <steps/>
                </step>
                <step start='1625830969947' status='passed' stop='1625830970011'>
                    <name>POST /session/:sessionId/element/08c96e1e-b095-409e-bef4-508e71824bcb/clear</name>
                    <title>POST /session/:sessionId/element/08c96e1e-b095-409e-bef4-508e71824bcb/clear</title>
                    <attachments/>
                    <steps/>
                </step>
                <step start='1625830970015' status='passed' stop='1625830970125'>
                    <name>POST /session/:sessionId/element/08c96e1e-b095-409e-bef4-508e71824bcb/value</name>
                    <title>POST /session/:sessionId/element/08c96e1e-b095-409e-bef4-508e71824bcb/value</title>
                    <attachments>
                        <attachment title='Request' source='13f1f144-2f1a-4fe3-ab57-3194b89b66c5-attachment.json' type='application/json' size='22'/>
                    </attachments>
                    <steps/>
                </step>
                <step start='1625830970125' status='passed' stop='1625830970173'>
                    <name>POST /session/:sessionId/element</name>
                    <title>POST /session/:sessionId/element</title>
                    <attachments>
                        <attachment title='Request' source='2af707c4-78a9-4b81-b91e-1af29a917ec3-attachment.json' type='application/json' size='64'/>
                        <attachment title='Response' source='1dbe7d81-3ffb-4448-a741-56faec83f30b-attachment.json' type='application/json' size='83'/>
                    </attachments>
                    <steps/>
                </step>
                <step start='1625830970177' status='passed' stop='1625830970226'>
                    <name>POST /session/:sessionId/element/4f958c21-b0fe-4043-b235-776e1afdba21/clear</name>
                    <title>POST /session/:sessionId/element/4f958c21-b0fe-4043-b235-776e1afdba21/clear</title>
                    <attachments/>
                    <steps/>
                </step>
                <step start='1625830970227' status='passed' stop='1625830970319'>
                    <name>POST /session/:sessionId/element/4f958c21-b0fe-4043-b235-776e1afdba21/value</name>
                    <title>POST /session/:sessionId/element/4f958c21-b0fe-4043-b235-776e1afdba21/value</title>
                    <attachments>
                        <attachment title='Request' source='a8592625-4364-4eaf-8076-f2dec7ed656b-attachment.json' type='application/json' size='22'/>
                    </attachments>
                    <steps/>
                </step>
            </steps>
            <attachments>
                <attachment title='Response' source='47471027-db57-4fd5-a5c4-5e3b0edba203-attachment.json' type='application/json' size='83'/>
            </attachments>
        </test-case>
        <test-case start='1625830970319' status='broken' stop='1625830970608'>
            <name>And I select gender Female years 5 favourite chai Oolong Tea and reason Break</name>
            <title>And I select gender Female years 5 favourite chai Oolong Tea and reason Break</title>
            <labels>
                <label name='language' value='javascript'/>
                <label name='framework' value='wdio'/>
                <label name='thread' value='0-0'/>
            </labels>
            <parameters>
                <parameter kind='argument' name='browser' value='chrome-91.0.4472.124'/>
            </parameters>
            <steps>
                <step start='1625830970320' status='passed' stop='1625830970354'>
                    <name>POST /session/:sessionId/element</name>
                    <title>POST /session/:sessionId/element</title>
                    <attachments>
                        <attachment title='Request' source='9033db93-5e24-4fe6-971f-2f6cb9ad0ebf-attachment.json' type='application/json' size='59'/>
                        <attachment title='Response' source='7c08048f-e453-462f-9628-4054d17bdf91-attachment.json' type='application/json' size='83'/>
                    </attachments>
                    <steps/>
                </step>
                <step start='1625830970361' status='passed' stop='1625830970468'>
                    <name>POST /session/:sessionId/element</name>
                    <title>POST /session/:sessionId/element</title>
                    <attachments>
                        <attachment title='Request' source='816eeaa6-ff26-4398-9bba-f346d732a2fd-attachment.json' type='application/json' size='59'/>
                        <attachment title='Response' source='a732e43e-4bc7-4009-ab0f-3ce710aeb17d-attachment.json' type='application/json' size='83'/>
                    </attachments>
                    <steps>
                        <step start='1625830970390' status='passed' stop='1625830970414'>
                            <name>GET /session/:sessionId/element/d5cdad40-a8e0-4c4c-b69c-7c4764a9918b/text</name>
                            <title>GET /session/:sessionId/element/d5cdad40-a8e0-4c4c-b69c-7c4764a9918b/text</title>
                            <attachments>
                                <attachment title='Response' source='54f6b148-a90e-4852-844c-6898b3a6a3cc-attachment.json' type='application/json' size='83'/>
                            </attachments>
                            <steps/>
                        </step>
                        <step start='1625830970422' status='passed' stop='1625830970448'>
                            <name>POST /session/:sessionId/element</name>
                            <title>POST /session/:sessionId/element</title>
                            <attachments>
                                <attachment title='Request' source='e3dca47d-8d11-4952-9e97-f9fd494a5267-attachment.json' type='application/json' size='58'/>
                                <attachment title='Response' source='6b35e837-7e76-4d1b-a37f-97514d7de408-attachment.json' type='application/json' size='15'/>
                            </attachments>
                            <steps/>
                        </step>
                    </steps>
                </step>
                <step start='1625830970477' status='broken' stop='1625830970608'>
                    <name>POST /session/:sessionId/element/747eba2c-3341-4c3d-ac07-15f2e95b6c74/clear</name>
                    <title>POST /session/:sessionId/element/747eba2c-3341-4c3d-ac07-15f2e95b6c74/clear</title>
                    <attachments/>
                    <steps/>
                </step>
            </steps>
            <attachments/>
            <failure>
                <message>invalid element state: invalid element state</message>
                <stack-trace>invalid element state: invalid element state
                  (Session info: chrome=91.0.4472.124)
                    at Object.getErrorFromResponseBody (C:\Users\bvuttur\Desktop\tscucumber\node_modules\webdriver\build\utils.js:189:12)
                    at WebDriverRequest._request (C:\Users\bvuttur\Desktop\tscucumber\node_modules\webdriver\build\request.js:168:31)
                    at processTicksAndRejections (internal/process/task_queues.js:95:5)
                    at Element.wrapCommandFn (C:\Users\bvuttur\Desktop\tscucumber\node_modules\@wdio\utils\build\shim.js:78:29)
                    at Element.wrapCommandFn (C:\Users\bvuttur\Desktop\tscucumber\node_modules\@wdio\utils\build\shim.js:78:29)
                    at Element.elementErrorHandlerCallbackFn (C:\Users\bvuttur\Desktop\tscucumber\node_modules\webdriverio\build\middlewares.js:23:32)
                    at Element.wrapCommandFn (C:\Users\bvuttur\Desktop\tscucumber\node_modules\@wdio\utils\build\shim.js:78:29)
                    at Element.wrapCommandFn (C:\Users\bvuttur\Desktop\tscucumber\node_modules\@wdio\utils\build\shim.js:78:29)
                    at Element.elementErrorHandlerCallbackFn (C:\Users\bvuttur\Desktop\tscucumber\node_modules\webdriverio\build\middlewares.js:23:32)
                    at Element.wrapCommandFn (C:\Users\bvuttur\Desktop\tscucumber\node_modules\@wdio\utils\build\shim.js:78:29)
                    at Element.setValue (C:\Users\bvuttur\Desktop\tscucumber\node_modules\webdriverio\build\commands\element\setValue.js:30:5)
                    at Element.wrapCommandFn (C:\Users\bvuttur\Desktop\tscucumber\node_modules\@wdio\utils\build\shim.js:78:29)
                    at Element.elementErrorHandlerCallbackFn (C:\Users\bvuttur\Desktop\tscucumber\node_modules\webdriverio\build\middlewares.js:23:32)
                    at Element.wrapCommandFn (C:\Users\bvuttur\Desktop\tscucumber\node_modules\@wdio\utils\build\shim.js:78:29)</stack-trace>
            </failure>
        </test-case>
        <test-case start='1625830970608' status='undefined'>
            <name>And I select continent Asia and commands Wait commands</name>
            <title>And I select continent Asia and commands Wait commands</title>
            <labels>
                <label name='language' value='javascript'/>
                <label name='framework' value='wdio'/>
                <label name='thread' value='0-0'/>
            </labels>
            <parameters>
                <parameter kind='argument' name='browser' value='chrome-91.0.4472.124'/>
            </parameters>
            <steps/>
            <attachments/>
        </test-case>
        <test-case start='1625830970609' status='pending' stop='1625830970609'>
            <name>I select continent Asia and commands Wait commands</name>
            <title>I select continent Asia and commands Wait commands</title>
            <labels/>
            <parameters/>
            <steps/>
            <attachments/>
            <failure>
                <message>Test ignored</message>
                <stack-trace>undefined</stack-trace>
            </failure>
        </test-case>
        <test-case start='1625830970609' status='undefined'>
            <name>And I click on sumbit button</name>
            <title>And I click on sumbit button</title>
            <labels>
                <label name='language' value='javascript'/>
                <label name='framework' value='wdio'/>
                <label name='thread' value='0-0'/>
            </labels>
            <parameters>
                <parameter kind='argument' name='browser' value='chrome-91.0.4472.124'/>
            </parameters>
            <steps/>
            <attachments/>
        </test-case>
        <test-case start='1625830970610' status='pending' stop='1625830970610'>
            <name>I click on sumbit button</name>
            <title>I click on sumbit button</title>
            <labels/>
            <parameters/>
            <steps/>
            <attachments/>
            <failure>
                <message>Test ignored</message>
                <stack-trace>undefined</stack-trace>
            </failure>
        </test-case>
        <test-case start='1625830970610' status='broken' stop='1625830970611'>
            <name>Then I validate page header "We are passionate about tea."</name>
            <title>Then I validate page header "We are passionate about tea."</title>
            <labels>
                <label name='language' value='javascript'/>
                <label name='framework' value='wdio'/>
                <label name='thread' value='0-0'/>
            </labels>
            <parameters>
                <parameter kind='argument' name='browser' value='chrome-91.0.4472.124'/>
            </parameters>
            <steps/>
            <attachments/>
            <failure>
                <message>Step "I validate page header "We are passionate about tea."" is not defined. You can ignore this error by setting cucumberOpts.ignoreUndefinedDefinitions as true.</message>
                <stack-trace>Step "I validate page header "We are passionate about tea."" is not defined. You can ignore this error by setting cucumberOpts.ignoreUndefinedDefinitions as true.
                	at Feature(C:\Users\bvuttur\Desktop\tscucumber\features\form.feature):1:1
                	at Scenario(Test chai form):3:3
                	at Step(I validate page header "We are passionate about tea."):11:5
                </stack-trace>
            </failure>
        </test-case>
        <test-case start='1625830970611' status='passed' stop='1625830970611'>
            <name></name>
            <title></title>
            <labels>
                <label name='language' value='javascript'/>
                <label name='framework' value='wdio'/>
                <label name='thread' value='0-0'/>
            </labels>
            <parameters>
                <parameter kind='argument' name='browser' value='chrome-91.0.4472.124'/>
            </parameters>
            <steps/>
            <attachments/>
        </test-case>
    </test-cases>
</ns2:test-suite>