<?xml version='1.0'?>
<ns2:test-suite xmlns:ns2='urn:model.allure.qatools.yandex.ru' start='1625830686091' stop='1625830688737'>
    <name>Chai page: Test chai form</name>
    <title>Chai page: Test chai form</title>
    <test-cases>
        <test-case start='1625830686092' status='passed' stop='1625830686094'>
            <name></name>
            <title></title>
            <labels>
                <label name='language' value='javascript'/>
                <label name='framework' value='wdio'/>
                <label name='thread' value='0-0'/>
            </labels>
            <parameters>
                <parameter kind='argument' name='browser' value='chrome-91.0.4472.124'/>
            </parameters>
            <steps/>
            <attachments/>
        </test-case>
        <test-case start='1625830686094' status='passed' stop='1625830687820'>
            <name>Given I am on the practice page "http://www.practiceselenium.com/practice-form.html"</name>
            <title>Given I am on the practice page "http://www.practiceselenium.com/practice-form.html"</title>
            <labels>
                <label name='language' value='javascript'/>
                <label name='framework' value='wdio'/>
                <label name='thread' value='0-0'/>
            </labels>
            <parameters>
                <parameter kind='argument' name='browser' value='chrome-91.0.4472.124'/>
            </parameters>
            <steps>
                <step start='1625830686098' status='passed' stop='1625830687670'>
                    <name>POST /session/:sessionId/url</name>
                    <title>POST /session/:sessionId/url</title>
                    <attachments>
                        <attachment title='Request' source='024a8e92-819a-42a3-a6d8-2a93af95337a-attachment.json' type='application/json' size='65'/>
                    </attachments>
                    <steps/>
                </step>
                <step start='1625830687670' status='passed' stop='1625830687815'>
                    <name>POST /session/:sessionId/window/maximize</name>
                    <title>POST /session/:sessionId/window/maximize</title>
                    <attachments>
                        <attachment title='Response' source='8f3371cf-6e2d-4342-97c6-048be18e59ef-attachment.json' type='application/json' size='58'/>
                    </attachments>
                    <steps/>
                </step>
            </steps>
            <attachments/>
        </test-case>
        <test-case start='1625830687820' status='passed' stop='1625830687909'>
            <name>Then I Validate page header "Practice form"</name>
            <title>Then I Validate page header "Practice form"</title>
            <labels>
                <label name='language' value='javascript'/>
                <label name='framework' value='wdio'/>
                <label name='thread' value='0-0'/>
            </labels>
            <parameters>
                <parameter kind='argument' name='browser' value='chrome-91.0.4472.124'/>
            </parameters>
            <steps>
                <step start='1625830687823' status='passed' stop='1625830687875'>
                    <name>POST /session/:sessionId/element</name>
                    <title>POST /session/:sessionId/element</title>
                    <attachments>
                        <attachment title='Request' source='11d094f2-164c-4b24-9d41-e7369fd9cf38-attachment.json' type='application/json' size='41'/>
                        <attachment title='Response' source='22292e8e-6401-41f7-a747-34583d299a53-attachment.json' type='application/json' size='83'/>
                    </attachments>
                    <steps/>
                </step>
                <step start='1625830687904' status='undefined'>
                    <name>GET /session/:sessionId/element/d5ea7ce0-8fb4-47f3-9098-f0cdc0c7120c/text</name>
                    <title>GET /session/:sessionId/element/d5ea7ce0-8fb4-47f3-9098-f0cdc0c7120c/text</title>
                    <attachments/>
                    <steps/>
                </step>
            </steps>
            <attachments/>
        </test-case>
        <test-case start='1625830687909' status='passed' stop='1625830688386'>
            <name>When I enter firstname bhavna and lastname vuttur</name>
            <title>When I enter firstname bhavna and lastname vuttur</title>
            <labels>
                <label name='language' value='javascript'/>
                <label name='framework' value='wdio'/>
                <label name='thread' value='0-0'/>
            </labels>
            <parameters>
                <parameter kind='argument' name='browser' value='chrome-91.0.4472.124'/>
            </parameters>
            <steps>
                <step start='1625830687916' status='passed' stop='1625830687955'>
                    <name>POST /session/:sessionId/element</name>
                    <title>POST /session/:sessionId/element</title>
                    <attachments>
                        <attachment title='Request' source='ab1b1ee1-faab-45de-9182-1737bc966ebe-attachment.json' type='application/json' size='65'/>
                        <attachment title='Response' source='e10ea17f-b7a9-4cd0-9aac-d2d1152a01b5-attachment.json' type='application/json' size='15'/>
                    </attachments>
                    <steps/>
                </step>
                <step start='1625830687988' status='passed' stop='1625830688057'>
                    <name>POST /session/:sessionId/element/583c6651-6a80-41c8-a413-0aa923f18033/clear</name>
                    <title>POST /session/:sessionId/element/583c6651-6a80-41c8-a413-0aa923f18033/clear</title>
                    <attachments/>
                    <steps/>
                </step>
                <step start='1625830688062' status='passed' stop='1625830688191'>
                    <name>POST /session/:sessionId/element/583c6651-6a80-41c8-a413-0aa923f18033/value</name>
                    <title>POST /session/:sessionId/element/583c6651-6a80-41c8-a413-0aa923f18033/value</title>
                    <attachments>
                        <attachment title='Request' source='70c1e2be-36e0-4192-8d8b-111668313d86-attachment.json' type='application/json' size='22'/>
                    </attachments>
                    <steps/>
                </step>
                <step start='1625830688191' status='passed' stop='1625830688219'>
                    <name>POST /session/:sessionId/element</name>
                    <title>POST /session/:sessionId/element</title>
                    <attachments>
                        <attachment title='Request' source='03caaeb1-648c-4dfa-80c1-1467c75ba048-attachment.json' type='application/json' size='64'/>
                        <attachment title='Response' source='9aa001fc-5175-441a-a865-aeb6696c9804-attachment.json' type='application/json' size='83'/>
                    </attachments>
                    <steps/>
                </step>
                <step start='1625830688225' status='passed' stop='1625830688288'>
                    <name>POST /session/:sessionId/element/41de49a3-4e25-4d5d-8387-38a9a944c9e0/clear</name>
                    <title>POST /session/:sessionId/element/41de49a3-4e25-4d5d-8387-38a9a944c9e0/clear</title>
                    <attachments/>
                    <steps/>
                </step>
                <step start='1625830688288' status='passed' stop='1625830688384'>
                    <name>POST /session/:sessionId/element/41de49a3-4e25-4d5d-8387-38a9a944c9e0/value</name>
                    <title>POST /session/:sessionId/element/41de49a3-4e25-4d5d-8387-38a9a944c9e0/value</title>
                    <attachments>
                        <attachment title='Request' source='e617c9e0-1d55-4313-bed3-fca16858f324-attachment.json' type='application/json' size='22'/>
                    </attachments>
                    <steps/>
                </step>
            </steps>
            <attachments>
                <attachment title='Response' source='7772b4b4-c2cf-461a-815d-66bdc4bc75ba-attachment.json' type='application/json' size='83'/>
            </attachments>
        </test-case>
        <test-case start='1625830688388' status='broken' stop='1625830688732'>
            <name>And I select gender Female years 5 favourite chai Oolong Tea and reason Break</name>
            <title>And I select gender Female years 5 favourite chai Oolong Tea and reason Break</title>
            <labels>
                <label name='language' value='javascript'/>
                <label name='framework' value='wdio'/>
                <label name='thread' value='0-0'/>
            </labels>
            <parameters>
                <parameter kind='argument' name='browser' value='chrome-91.0.4472.124'/>
            </parameters>
            <steps>
                <step start='1625830688393' status='passed' stop='1625830688533'>
                    <name>POST /session/:sessionId/element</name>
                    <title>POST /session/:sessionId/element</title>
                    <attachments>
                        <attachment title='Request' source='408e3b09-4fdf-46ff-8338-d89b3882bb63-attachment.json' type='application/json' size='59'/>
                    </attachments>
                    <steps>
                        <step start='1625830688412' status='passed' stop='1625830688434'>
                            <name>GET /session/:sessionId/element/d5ea7ce0-8fb4-47f3-9098-f0cdc0c7120c/text</name>
                            <title>GET /session/:sessionId/element/d5ea7ce0-8fb4-47f3-9098-f0cdc0c7120c/text</title>
                            <attachments>
                                <attachment title='Response' source='86e0792a-c6dc-4fb5-a5ee-e6bbc5f0d379-attachment.json' type='application/json' size='83'/>
                            </attachments>
                            <steps/>
                        </step>
                        <step start='1625830688439' status='passed' stop='1625830688460'>
                            <name>POST /session/:sessionId/element/7463a355-f4e4-4cb7-9ce2-ffbd17b479bf/click</name>
                            <title>POST /session/:sessionId/element/7463a355-f4e4-4cb7-9ce2-ffbd17b479bf/click</title>
                            <attachments>
                                <attachment title='Response' source='89fdf3fe-8d0b-4a05-aac2-c869128c9dd5-attachment.json' type='application/json' size='15'/>
                            </attachments>
                            <steps/>
                        </step>
                    </steps>
                </step>
                <step start='1625830688533' status='passed' stop='1625830688589'>
                    <name>POST /session/:sessionId/element</name>
                    <title>POST /session/:sessionId/element</title>
                    <attachments>
                        <attachment title='Request' source='c72d099e-9ba6-468e-a4f6-c40926ebd82a-attachment.json' type='application/json' size='59'/>
                        <attachment title='Response' source='b28390ae-ca20-4922-a9b5-3993e4ee9f54-attachment.json' type='application/json' size='83'/>
                    </attachments>
                    <steps/>
                </step>
                <step start='1625830688593' status='broken' stop='1625830688732'>
                    <name>POST /session/:sessionId/element/e8847beb-ce14-446e-9507-88b65e92f8f3/clear</name>
                    <title>POST /session/:sessionId/element/e8847beb-ce14-446e-9507-88b65e92f8f3/clear</title>
                    <attachments/>
                    <steps/>
                </step>
            </steps>
            <attachments/>
            <failure>
                <message>invalid element state: invalid element state</message>
                <stack-trace>invalid element state: invalid element state
                  (Session info: chrome=91.0.4472.124)
                    at Object.getErrorFromResponseBody (C:\Users\bvuttur\Desktop\tscucumber\node_modules\webdriver\build\utils.js:189:12)
                    at WebDriverRequest._request (C:\Users\bvuttur\Desktop\tscucumber\node_modules\webdriver\build\request.js:168:31)
                    at processTicksAndRejections (internal/process/task_queues.js:95:5)
                    at Element.wrapCommandFn (C:\Users\bvuttur\Desktop\tscucumber\node_modules\@wdio\utils\build\shim.js:78:29)
                    at Element.wrapCommandFn (C:\Users\bvuttur\Desktop\tscucumber\node_modules\@wdio\utils\build\shim.js:78:29)
                    at Element.elementErrorHandlerCallbackFn (C:\Users\bvuttur\Desktop\tscucumber\node_modules\webdriverio\build\middlewares.js:23:32)
                    at Element.wrapCommandFn (C:\Users\bvuttur\Desktop\tscucumber\node_modules\@wdio\utils\build\shim.js:78:29)
                    at Element.wrapCommandFn (C:\Users\bvuttur\Desktop\tscucumber\node_modules\@wdio\utils\build\shim.js:78:29)
                    at Element.elementErrorHandlerCallbackFn (C:\Users\bvuttur\Desktop\tscucumber\node_modules\webdriverio\build\middlewares.js:23:32)
                    at Element.wrapCommandFn (C:\Users\bvuttur\Desktop\tscucumber\node_modules\@wdio\utils\build\shim.js:78:29)
                    at Element.setValue (C:\Users\bvuttur\Desktop\tscucumber\node_modules\webdriverio\build\commands\element\setValue.js:30:5)
                    at Element.wrapCommandFn (C:\Users\bvuttur\Desktop\tscucumber\node_modules\@wdio\utils\build\shim.js:78:29)
                    at Element.elementErrorHandlerCallbackFn (C:\Users\bvuttur\Desktop\tscucumber\node_modules\webdriverio\build\middlewares.js:23:32)
                    at Element.wrapCommandFn (C:\Users\bvuttur\Desktop\tscucumber\node_modules\@wdio\utils\build\shim.js:78:29)</stack-trace>
            </failure>
        </test-case>
        <test-case start='1625830688732' status='undefined'>
            <name>And I select continent Asia and commands Wait commands</name>
            <title>And I select continent Asia and commands Wait commands</title>
            <labels>
                <label name='language' value='javascript'/>
                <label name='framework' value='wdio'/>
                <label name='thread' value='0-0'/>
            </labels>
            <parameters>
                <parameter kind='argument' name='browser' value='chrome-91.0.4472.124'/>
            </parameters>
            <steps/>
            <attachments/>
        </test-case>
        <test-case start='1625830688733' status='pending' stop='1625830688733'>
            <name>I select continent Asia and commands Wait commands</name>
            <title>I select continent Asia and commands Wait commands</title>
            <labels/>
            <parameters/>
            <steps/>
            <attachments/>
            <failure>
                <message>Test ignored</message>
                <stack-trace>undefined</stack-trace>
            </failure>
        </test-case>
        <test-case start='1625830688733' status='undefined'>
            <name>And I click on sumbit button</name>
            <title>And I click on sumbit button</title>
            <labels>
                <label name='language' value='javascript'/>
                <label name='framework' value='wdio'/>
                <label name='thread' value='0-0'/>
            </labels>
            <parameters>
                <parameter kind='argument' name='browser' value='chrome-91.0.4472.124'/>
            </parameters>
            <steps/>
            <attachments/>
        </test-case>
        <test-case start='1625830688733' status='pending' stop='1625830688733'>
            <name>I click on sumbit button</name>
            <title>I click on sumbit button</title>
            <labels/>
            <parameters/>
            <steps/>
            <attachments/>
            <failure>
                <message>Test ignored</message>
                <stack-trace>undefined</stack-trace>
            </failure>
        </test-case>
        <test-case start='1625830688733' status='broken' stop='1625830688734'>
            <name>Then I validate page header "We are passionate about tea."</name>
            <title>Then I validate page header "We are passionate about tea."</title>
            <labels>
                <label name='language' value='javascript'/>
                <label name='framework' value='wdio'/>
                <label name='thread' value='0-0'/>
            </labels>
            <parameters>
                <parameter kind='argument' name='browser' value='chrome-91.0.4472.124'/>
            </parameters>
            <steps/>
            <attachments/>
            <failure>
                <message>Step "I validate page header "We are passionate about tea."" is not defined. You can ignore this error by setting cucumberOpts.ignoreUndefinedDefinitions as true.</message>
                <stack-trace>Step "I validate page header "We are passionate about tea."" is not defined. You can ignore this error by setting cucumberOpts.ignoreUndefinedDefinitions as true.
                	at Feature(C:\Users\bvuttur\Desktop\tscucumber\features\form.feature):1:1
                	at Scenario(Test chai form):3:3
                	at Step(I validate page header "We are passionate about tea."):11:5
                </stack-trace>
            </failure>
        </test-case>
        <test-case start='1625830688734' status='passed' stop='1625830688735'>
            <name></name>
            <title></title>
            <labels>
                <label name='language' value='javascript'/>
                <label name='framework' value='wdio'/>
                <label name='thread' value='0-0'/>
            </labels>
            <parameters>
                <parameter kind='argument' name='browser' value='chrome-91.0.4472.124'/>
            </parameters>
            <steps/>
            <attachments/>
        </test-case>
    </test-cases>
</ns2:test-suite>